Tue May 11 03:39:14 UserDiv from Layout.INI for AutoECO: 60
Tue May 11 03:39:14 Loaded file C:\ORCAD\ORCAD_10.5\TOOLS\LAYOUT_PLUS\DATA\_DEFAULT.TCH
Tue May 11 03:39:14 Loaded file C:\ORCAD\ORCAD_10.5\TOOLS\LAYOUT_PLUS\DATA\USERCONN.LLB
Tue May 11 03:39:14 Loaded file C:\ORCAD\ORCAD_10.5\TOOLS\LAYOUT_PLUS\DATA\KAMEN.LLB
Tue May 11 03:39:14 Loaded file C:\ORCAD\ORCAD_10.5\TOOLS\LAYOUT_PLUS\DATA\NEW.LLB
Tue May 11 03:39:14 Loaded file C:\ORCAD\ORCAD_10.5\TOOLS\LAYOUT_PLUS\LIBRARY\USIL.LLB
Tue May 11 03:39:14 Loaded file C:\USERS\ADMIN\DESKTOP\CAD\LAYOUT\INET LAYOUT LIBRARIES\CAP_ASS.LLB
Tue May 11 03:39:14 Loaded file C:\USERS\ADMIN\DESKTOP\CAD\LAYOUT\INET LAYOUT LIBRARIES\CONN_COAX.LLB
Tue May 11 03:39:14 Loaded file C:\USERS\ADMIN\DESKTOP\CAD\LAYOUT\INET LAYOUT LIBRARIES\CONN_DIN.LLB
Tue May 11 03:39:14 Loaded file C:\USERS\ADMIN\DESKTOP\CAD\LAYOUT\INET LAYOUT LIBRARIES\CONN_DSUB.LLB
Tue May 11 03:39:14 Loaded file C:\USERS\ADMIN\DESKTOP\CAD\LAYOUT\INET LAYOUT LIBRARIES\CONN_STRIP.LLB
Tue May 11 03:39:14 Loaded file C:\USERS\ADMIN\DESKTOP\CAD\LAYOUT\INET LAYOUT LIBRARIES\DEVICE.LLB
Tue May 11 03:39:14 Loaded file C:\USERS\ADMIN\DESKTOP\CAD\LAYOUT\INET LAYOUT LIBRARIES\DIODE.LLB
Tue May 11 03:39:14 Loaded file C:\USERS\ADMIN\DESKTOP\CAD\LAYOUT\INET LAYOUT LIBRARIES\DIP.LLB
Tue May 11 03:39:14 Loaded file C:\USERS\ADMIN\DESKTOP\CAD\LAYOUT\INET LAYOUT LIBRARIES\INDUTTORI.LLB
Tue May 11 03:39:14 Loaded file C:\USERS\ADMIN\DESKTOP\CAD\LAYOUT\INET LAYOUT LIBRARIES\MORSETTIERE.LLB
Tue May 11 03:39:14 Loaded file C:\USERS\ADMIN\DESKTOP\CAD\LAYOUT\INET LAYOUT LIBRARIES\OPTOELETTRONICA.LLB
Tue May 11 03:39:14 Loaded file C:\USERS\ADMIN\DESKTOP\CAD\LAYOUT\INET LAYOUT LIBRARIES\PLCCNEW.LLB
Tue May 11 03:39:14 Loaded file C:\USERS\ADMIN\DESKTOP\CAD\LAYOUT\INET LAYOUT LIBRARIES\PQFP.LLB
Tue May 11 03:39:14 Loaded file C:\USERS\ADMIN\DESKTOP\CAD\LAYOUT\INET LAYOUT LIBRARIES\RELAYNEW.LLB
Tue May 11 03:39:14 Loaded file C:\USERS\ADMIN\DESKTOP\CAD\LAYOUT\INET LAYOUT LIBRARIES\SMD.LLB
Tue May 11 03:39:14 Loaded file C:\USERS\ADMIN\DESKTOP\CAD\LAYOUT\INET LAYOUT LIBRARIES\SWITCH.LLB
Tue May 11 03:39:14 Loaded file C:\USERS\ADMIN\DESKTOP\CAD\LAYOUT\INET LAYOUT LIBRARIES\TONEW.LLB
Tue May 11 03:39:14 Loaded file C:\USERS\ADMIN\DESKTOP\CAD\LAYOUT\INET LAYOUT LIBRARIES\TRANSFORMER.LLB
Tue May 11 03:39:14 Loaded file C:\USERS\ADMIN\DESKTOP\CAD\LAYOUT\INET LAYOUT LIBRARIES\TRIMMER.LLB
Tue May 11 03:39:14 Loaded file C:\USERS\ADMIN\DESKTOP\CAD\LAYOUT\INET LAYOUT LIBRARIES\QUARZI.LLB
Tue May 11 03:39:14 Loaded file C:\USERS\ADMIN\DESKTOP\CAD\LAYOUT\INET LAYOUT LIBRARIES\CAP_RAD.LLB
Tue May 11 03:39:14 Loaded file C:\USERS\ADMIN\DESKTOP\USB\LAYOUT.LLB
Tue May 11 03:39:14 Loaded file C:\USERS\ADMIN\DESKTOP\CAD\LAYOUT\INET LAYOUT LIBRARIES\RESIST.LLB
Tue May 11 03:39:14 Loaded file C:\USERS\ADMIN\DESKTOP\CAD\LAYOUT\INET LAYOUT LIBRARIES\SHEET01.LLB
Tue May 11 03:39:14 Loaded file C:\USERS\ADMIN\DESKTOP\CAD\LAYOUT\INET LAYOUT LIBRARIES\SHEET02.LLB
Tue May 11 03:39:14 Loaded file C:\USERS\ADMIN\DESKTOP\CAD\LAYOUT\INET LAYOUT LIBRARIES\SHEET03.LLB
Tue May 11 03:39:14 Loaded file C:\USERS\ADMIN\DESKTOP\CAD\LAYOUT\INET LAYOUT LIBRARIES\SHEET04.LLB
Tue May 11 03:39:14 Loaded file C:\USERS\ADMIN\DESKTOP\CAD\LAYOUT\INET LAYOUT LIBRARIES\SHEET05.LLB
Tue May 11 03:39:14 Loaded file C:\USERS\ADMIN\DESKTOP\CAD\LAYOUT\INET LAYOUT LIBRARIES\SHEET06.LLB
Tue May 11 03:39:14 Loaded file C:\USERS\ADMIN\DESKTOP\CAD\LAYOUT\INET LAYOUT LIBRARIES\SHEET08.LLB
Tue May 11 03:39:14 Loaded file C:\USERS\ADMIN\DESKTOP\CAD\LAYOUT\INET LAYOUT LIBRARIES\SHEET09.LLB
Tue May 11 03:39:14 Loaded file C:\USERS\ADMIN\DESKTOP\CAD\LAYOUT\INET LAYOUT LIBRARIES\SHEET10.LLB
Tue May 11 03:39:14 Loaded file C:\USERS\ADMIN\DESKTOP\CAD\LAYOUT\INET LAYOUT LIBRARIES\SHEET11.LLB
Tue May 11 03:39:14 Loaded file C:\USERS\ADMIN\DESKTOP\CAD\LAYOUT\INET LAYOUT LIBRARIES\SHEET12.LLB
Tue May 11 03:39:14 Loaded file C:\USERS\ADMIN\DESKTOP\CAD\LAYOUT\INET LAYOUT LIBRARIES\SHEET13.LLB
Tue May 11 03:39:14 Loaded file C:\USERS\ADMIN\DESKTOP\CAD\LAYOUT\INET LAYOUT LIBRARIES\SHEET14.LLB
Tue May 11 03:39:14 Loaded file C:\USERS\ADMIN\DESKTOP\CAD\LAYOUT\INET LAYOUT LIBRARIES\SHEET15.LLB
Tue May 11 03:39:14 Loaded file C:\USERS\ADMIN\DESKTOP\CAD\LAYOUT\INET LAYOUT LIBRARIES\SHEET16.LLB
Tue May 11 03:39:14 Loaded file C:\USERS\ADMIN\DESKTOP\CAD\LAYOUT\INET LAYOUT LIBRARIES\SHEET17.LLB
Tue May 11 03:39:14 Loaded file C:\USERS\ADMIN\DESKTOP\CAD\LAYOUT\INET LAYOUT LIBRARIES\SHEET18.LLB
Tue May 11 03:39:14 Loaded file C:\USERS\ADMIN\DESKTOP\CAD\LAYOUT\INET LAYOUT LIBRARIES\SHEET19.LLB
Tue May 11 03:39:14 Loaded file C:\USERS\ADMIN\DESKTOP\CAD\LAYOUT\INET LAYOUT LIBRARIES\SHEET20.LLB
Tue May 11 03:39:14 Loaded file C:\USERS\ADMIN\DESKTOP\CAD\LAYOUT\INET LAYOUT LIBRARIES\SHEET21.LLB
Tue May 11 03:39:14 Loaded file C:\USERS\ADMIN\DESKTOP\CAD\LAYOUT\INET LAYOUT LIBRARIES\SHEET22.LLB
Tue May 11 03:39:14 Loaded file C:\USERS\ADMIN\DESKTOP\CAD\LAYOUT\INET LAYOUT LIBRARIES\SHEET23.LLB
Tue May 11 03:39:14 Loaded file C:\USERS\ADMIN\DESKTOP\CAD\LAYOUT\INET LAYOUT LIBRARIES\SHEET24.LLB
Tue May 11 03:39:14 Loaded file C:\USERS\ADMIN\DESKTOP\CAD\LAYOUT\INET LAYOUT LIBRARIES\SHEET25.LLB
Tue May 11 03:39:14 Loaded file C:\USERS\ADMIN\DESKTOP\CAD\LAYOUT\INET LAYOUT LIBRARIES\SHEET26.LLB
Tue May 11 03:39:14 Loaded file C:\USERS\ADMIN\DESKTOP\CAD\LAYOUT\INET LAYOUT LIBRARIES\SHEET27.LLB
Tue May 11 03:39:14 Loaded file C:\USERS\ADMIN\DESKTOP\CAD\LAYOUT\INET LAYOUT LIBRARIES\SHEET28.LLB
Tue May 11 03:39:14 Loaded file C:\USERS\ADMIN\DESKTOP\CAD\LAYOUT\INET LAYOUT LIBRARIES\SHEET29.LLB
Tue May 11 03:39:14 Loaded file C:\USERS\ADMIN\DESKTOP\CAD\LAYOUT\INET LAYOUT LIBRARIES\SHEET30.LLB
Tue May 11 03:39:14 Loaded file C:\USERS\ADMIN\DESKTOP\CAD\LAYOUT\INET LAYOUT LIBRARIES\SHEET31.LLB
Tue May 11 03:39:14 Loaded file C:\USERS\ADMIN\DESKTOP\CAD\LAYOUT\INET LAYOUT LIBRARIES\SHEET32.LLB
Tue May 11 03:39:14 Loaded file C:\USERS\ADMIN\DESKTOP\CAD\LAYOUT\INET LAYOUT LIBRARIES\SHEET33.LLB
Tue May 11 03:39:14 Loaded file C:\USERS\ADMIN\DESKTOP\CAD\LAYOUT\INET LAYOUT LIBRARIES\SHEET34.LLB
Tue May 11 03:39:14 Loaded file C:\OrCAD\OrCAD_10.5\tools\Layout_Plus\library\BCON100T.llb
Tue May 11 03:39:14 Loaded file C:\OrCAD\OrCAD_10.5\tools\Layout_Plus\library\BCON156T.llb
Tue May 11 03:39:14 Loaded file C:\OrCAD\OrCAD_10.5\tools\Layout_Plus\library\BGA.llb
Tue May 11 03:39:14 Loaded file C:\OrCAD\OrCAD_10.5\tools\Layout_Plus\library\CLCC.llb
Tue May 11 03:39:14 Loaded file C:\OrCAD\OrCAD_10.5\tools\Layout_Plus\library\DCON050T.llb
Tue May 11 03:39:14 Loaded file C:\OrCAD\OrCAD_10.5\tools\Layout_Plus\library\DCON085T.llb
Tue May 11 03:39:14 Loaded file C:\OrCAD\OrCAD_10.5\tools\Layout_Plus\library\DIMM050F.llb
Tue May 11 03:39:14 Loaded file C:\OrCAD\OrCAD_10.5\tools\Layout_Plus\library\DIMM050T.llb
Tue May 11 03:39:14 Loaded file C:\OrCAD\OrCAD_10.5\tools\Layout_Plus\library\DIN.llb
Tue May 11 03:39:14 Loaded file C:\OrCAD\OrCAD_10.5\tools\Layout_Plus\library\DIP100B.llb
Tue May 11 03:39:14 Loaded file C:\OrCAD\OrCAD_10.5\tools\Layout_Plus\library\DIP100T.llb
Tue May 11 03:39:14 Loaded file C:\OrCAD\OrCAD_10.5\tools\Layout_Plus\library\DSUBT.llb
Tue May 11 03:39:14 Loaded file C:\OrCAD\OrCAD_10.5\tools\Layout_Plus\library\DSUBT_HD.LLB
Tue May 11 03:39:14 Loaded file C:\OrCAD\OrCAD_10.5\tools\Layout_Plus\library\ECON100T.llb
Tue May 11 03:39:14 Loaded file C:\OrCAD\OrCAD_10.5\tools\Layout_Plus\library\FBUS.llb
Tue May 11 03:39:14 Loaded file C:\OrCAD\OrCAD_10.5\tools\Layout_Plus\library\ISA.llb
Tue May 11 03:39:14 Loaded file C:\OrCAD\OrCAD_10.5\tools\Layout_Plus\library\JUMPER.LLB
Tue May 11 03:39:14 Loaded file C:\OrCAD\OrCAD_10.5\tools\Layout_Plus\library\LAYOUT.llb
Tue May 11 03:39:14 Loaded file C:\OrCAD\OrCAD_10.5\tools\Layout_Plus\library\LCON100T.llb
Tue May 11 03:39:14 Loaded file C:\OrCAD\OrCAD_10.5\tools\Layout_Plus\library\PC104.llb
Tue May 11 03:39:14 Loaded file C:\OrCAD\OrCAD_10.5\tools\Layout_Plus\library\PCI.llb
Tue May 11 03:39:14 Loaded file C:\OrCAD\OrCAD_10.5\tools\Layout_Plus\library\PCON100T.llb
Tue May 11 03:39:14 Loaded file C:\OrCAD\OrCAD_10.5\tools\Layout_Plus\library\PCON156T.llb
Tue May 11 03:39:14 Loaded file C:\OrCAD\OrCAD_10.5\tools\Layout_Plus\library\PGA.llb
Tue May 11 03:39:14 Loaded file C:\OrCAD\OrCAD_10.5\tools\Layout_Plus\library\PLCC.llb
Tue May 11 03:39:14 Loaded file C:\OrCAD\OrCAD_10.5\tools\Layout_Plus\library\QUAD.llb
Tue May 11 03:39:14 Loaded file C:\OrCAD\OrCAD_10.5\tools\Layout_Plus\library\QUADB.llb
Tue May 11 03:39:14 Loaded file C:\OrCAD\OrCAD_10.5\tools\Layout_Plus\library\RELAY.llb
Tue May 11 03:39:14 Loaded file C:\OrCAD\OrCAD_10.5\tools\Layout_Plus\library\RF.llb
Tue May 11 03:39:14 Loaded file C:\OrCAD\OrCAD_10.5\tools\Layout_Plus\library\SBUS.llb
Tue May 11 03:39:14 Loaded file C:\OrCAD\OrCAD_10.5\tools\Layout_Plus\library\SIMM050F.llb
Tue May 11 03:39:14 Loaded file C:\OrCAD\OrCAD_10.5\tools\Layout_Plus\library\SIMM050T.llb
Tue May 11 03:39:14 Loaded file C:\OrCAD\OrCAD_10.5\tools\Layout_Plus\library\SIMM100F.llb
Tue May 11 03:39:14 Loaded file C:\OrCAD\OrCAD_10.5\tools\Layout_Plus\library\SIMM100T.llb
Tue May 11 03:39:14 Loaded file C:\OrCAD\OrCAD_10.5\tools\Layout_Plus\library\SIP.llb
Tue May 11 03:39:14 Loaded file C:\OrCAD\OrCAD_10.5\tools\Layout_Plus\library\SM.llb
Tue May 11 03:39:14 Loaded file C:\OrCAD\OrCAD_10.5\tools\Layout_Plus\library\SOG.llb
Tue May 11 03:39:14 Loaded file C:\OrCAD\OrCAD_10.5\tools\Layout_Plus\library\SOJ.llb
Tue May 11 03:39:14 Loaded file C:\OrCAD\OrCAD_10.5\tools\Layout_Plus\library\STIFF.llb
Tue May 11 03:39:14 Loaded file C:\OrCAD\OrCAD_10.5\tools\Layout_Plus\library\TELE.llb
Tue May 11 03:39:14 Loaded file C:\OrCAD\OrCAD_10.5\tools\Layout_Plus\library\TM_AXIAL.llb
Tue May 11 03:39:14 Loaded file C:\OrCAD\OrCAD_10.5\tools\Layout_Plus\library\TM_CAP_P.llb
Tue May 11 03:39:14 Loaded file C:\OrCAD\OrCAD_10.5\tools\Layout_Plus\library\TM_CYLND.llb
Tue May 11 03:39:14 Loaded file C:\OrCAD\OrCAD_10.5\tools\Layout_Plus\library\TM_DIODE.llb
Tue May 11 03:39:14 Loaded file C:\OrCAD\OrCAD_10.5\tools\Layout_Plus\library\TM_DISC.llb
Tue May 11 03:39:14 Loaded file C:\OrCAD\OrCAD_10.5\tools\Layout_Plus\library\TM_RAD.llb
Tue May 11 03:39:14 Loaded file C:\OrCAD\OrCAD_10.5\tools\Layout_Plus\library\TO.llb
Tue May 11 03:39:14 Loaded file C:\OrCAD\OrCAD_10.5\tools\Layout_Plus\library\TRAINING.LLB
Tue May 11 03:39:14 Loaded file C:\OrCAD\OrCAD_10.5\tools\Layout_Plus\library\VRES.llb
Tue May 11 03:39:14 Loaded file C:\OrCAD\OrCAD_10.5\tools\Layout_Plus\library\WCON100T.llb
Tue May 11 03:39:14 Loaded file C:\OrCAD\OrCAD_10.5\tools\Layout_Plus\library\XT.llb
Tue May 11 03:39:14 Loaded file C:\OrCAD\OrCAD_10.5\tools\Layout_Plus\library\ZIGZAG.llb
Tue May 11 03:39:18 Loaded file C:\OrCAD\OrCAD_10.5\tools\Layout_Plus\library\TM_AXIAL.llb
Tue May 11 03:39:18 Loaded file C:\USERS\ADMIN\DESKTOP\CAD\LAYOUT\INET LAYOUT LIBRARIES\SHEET06.LLB
Tue May 11 03:39:18 Loaded file C:\ORCAD\ORCAD_10.5\TOOLS\LAYOUT_PLUS\DATA\KAMEN.LLB
Tue May 11 03:39:18 Loaded file C:\ORCAD\ORCAD_10.5\TOOLS\LAYOUT_PLUS\DATA\KAMEN.LLB
Tue May 11 03:39:18 Loaded file C:\ORCAD\ORCAD_10.5\TOOLS\LAYOUT_PLUS\DATA\_DEFAULT.TCH
Tue May 11 03:39:18 Saved as file C:\ORCAD\ORCAD_10.5\TOOLS\LAYOUT_PLUS\DATA\_DEFAULT.TCH
Tue May 11 03:50:37 UserDiv from Layout.INI for AutoECO: 60
Tue May 11 03:50:37 Loaded file C:\ORCAD\ORCAD_10.5\TOOLS\LAYOUT_PLUS\DATA\_DEFAULT.TCH
Tue May 11 03:50:37 Loaded file C:\ORCAD\ORCAD_10.5\TOOLS\LAYOUT_PLUS\DATA\USERCONN.LLB
Tue May 11 03:50:37 Loaded file C:\ORCAD\ORCAD_10.5\TOOLS\LAYOUT_PLUS\DATA\KAMEN.LLB
Tue May 11 03:50:37 Loaded file C:\ORCAD\ORCAD_10.5\TOOLS\LAYOUT_PLUS\DATA\NEW.LLB
Tue May 11 03:50:37 Loaded file C:\ORCAD\ORCAD_10.5\TOOLS\LAYOUT_PLUS\LIBRARY\USIL.LLB
Tue May 11 03:50:37 Loaded file C:\USERS\ADMIN\DESKTOP\CAD\LAYOUT\INET LAYOUT LIBRARIES\CAP_ASS.LLB
Tue May 11 03:50:37 Loaded file C:\USERS\ADMIN\DESKTOP\CAD\LAYOUT\INET LAYOUT LIBRARIES\CONN_COAX.LLB
Tue May 11 03:50:37 Loaded file C:\USERS\ADMIN\DESKTOP\CAD\LAYOUT\INET LAYOUT LIBRARIES\CONN_DIN.LLB
Tue May 11 03:50:37 Loaded file C:\USERS\ADMIN\DESKTOP\CAD\LAYOUT\INET LAYOUT LIBRARIES\CONN_DSUB.LLB
Tue May 11 03:50:37 Loaded file C:\USERS\ADMIN\DESKTOP\CAD\LAYOUT\INET LAYOUT LIBRARIES\CONN_STRIP.LLB
Tue May 11 03:50:37 Loaded file C:\USERS\ADMIN\DESKTOP\CAD\LAYOUT\INET LAYOUT LIBRARIES\DEVICE.LLB
Tue May 11 03:50:37 Loaded file C:\USERS\ADMIN\DESKTOP\CAD\LAYOUT\INET LAYOUT LIBRARIES\DIODE.LLB
Tue May 11 03:50:37 Loaded file C:\USERS\ADMIN\DESKTOP\CAD\LAYOUT\INET LAYOUT LIBRARIES\DIP.LLB
Tue May 11 03:50:37 Loaded file C:\USERS\ADMIN\DESKTOP\CAD\LAYOUT\INET LAYOUT LIBRARIES\INDUTTORI.LLB
Tue May 11 03:50:37 Loaded file C:\USERS\ADMIN\DESKTOP\CAD\LAYOUT\INET LAYOUT LIBRARIES\MORSETTIERE.LLB
Tue May 11 03:50:37 Loaded file C:\USERS\ADMIN\DESKTOP\CAD\LAYOUT\INET LAYOUT LIBRARIES\OPTOELETTRONICA.LLB
Tue May 11 03:50:37 Loaded file C:\USERS\ADMIN\DESKTOP\CAD\LAYOUT\INET LAYOUT LIBRARIES\PLCCNEW.LLB
Tue May 11 03:50:37 Loaded file C:\USERS\ADMIN\DESKTOP\CAD\LAYOUT\INET LAYOUT LIBRARIES\PQFP.LLB
Tue May 11 03:50:37 Loaded file C:\USERS\ADMIN\DESKTOP\CAD\LAYOUT\INET LAYOUT LIBRARIES\RELAYNEW.LLB
Tue May 11 03:50:37 Loaded file C:\USERS\ADMIN\DESKTOP\CAD\LAYOUT\INET LAYOUT LIBRARIES\SMD.LLB
Tue May 11 03:50:37 Loaded file C:\USERS\ADMIN\DESKTOP\CAD\LAYOUT\INET LAYOUT LIBRARIES\SWITCH.LLB
Tue May 11 03:50:37 Loaded file C:\USERS\ADMIN\DESKTOP\CAD\LAYOUT\INET LAYOUT LIBRARIES\TONEW.LLB
Tue May 11 03:50:37 Loaded file C:\USERS\ADMIN\DESKTOP\CAD\LAYOUT\INET LAYOUT LIBRARIES\TRANSFORMER.LLB
Tue May 11 03:50:37 Loaded file C:\USERS\ADMIN\DESKTOP\CAD\LAYOUT\INET LAYOUT LIBRARIES\TRIMMER.LLB
Tue May 11 03:50:37 Loaded file C:\USERS\ADMIN\DESKTOP\CAD\LAYOUT\INET LAYOUT LIBRARIES\QUARZI.LLB
Tue May 11 03:50:37 Loaded file C:\USERS\ADMIN\DESKTOP\CAD\LAYOUT\INET LAYOUT LIBRARIES\CAP_RAD.LLB
Tue May 11 03:50:37 Loaded file C:\USERS\ADMIN\DESKTOP\USB\LAYOUT.LLB
Tue May 11 03:50:37 Loaded file C:\USERS\ADMIN\DESKTOP\CAD\LAYOUT\INET LAYOUT LIBRARIES\RESIST.LLB
Tue May 11 03:50:37 Loaded file C:\USERS\ADMIN\DESKTOP\CAD\LAYOUT\INET LAYOUT LIBRARIES\SHEET01.LLB
Tue May 11 03:50:37 Loaded file C:\USERS\ADMIN\DESKTOP\CAD\LAYOUT\INET LAYOUT LIBRARIES\SHEET02.LLB
Tue May 11 03:50:37 Loaded file C:\USERS\ADMIN\DESKTOP\CAD\LAYOUT\INET LAYOUT LIBRARIES\SHEET03.LLB
Tue May 11 03:50:37 Loaded file C:\USERS\ADMIN\DESKTOP\CAD\LAYOUT\INET LAYOUT LIBRARIES\SHEET04.LLB
Tue May 11 03:50:37 Loaded file C:\USERS\ADMIN\DESKTOP\CAD\LAYOUT\INET LAYOUT LIBRARIES\SHEET05.LLB
Tue May 11 03:50:37 Loaded file C:\USERS\ADMIN\DESKTOP\CAD\LAYOUT\INET LAYOUT LIBRARIES\SHEET06.LLB
Tue May 11 03:50:37 Loaded file C:\USERS\ADMIN\DESKTOP\CAD\LAYOUT\INET LAYOUT LIBRARIES\SHEET08.LLB
Tue May 11 03:50:37 Loaded file C:\USERS\ADMIN\DESKTOP\CAD\LAYOUT\INET LAYOUT LIBRARIES\SHEET09.LLB
Tue May 11 03:50:37 Loaded file C:\USERS\ADMIN\DESKTOP\CAD\LAYOUT\INET LAYOUT LIBRARIES\SHEET10.LLB
Tue May 11 03:50:37 Loaded file C:\USERS\ADMIN\DESKTOP\CAD\LAYOUT\INET LAYOUT LIBRARIES\SHEET11.LLB
Tue May 11 03:50:37 Loaded file C:\USERS\ADMIN\DESKTOP\CAD\LAYOUT\INET LAYOUT LIBRARIES\SHEET12.LLB
Tue May 11 03:50:37 Loaded file C:\USERS\ADMIN\DESKTOP\CAD\LAYOUT\INET LAYOUT LIBRARIES\SHEET13.LLB
Tue May 11 03:50:37 Loaded file C:\USERS\ADMIN\DESKTOP\CAD\LAYOUT\INET LAYOUT LIBRARIES\SHEET14.LLB
Tue May 11 03:50:37 Loaded file C:\USERS\ADMIN\DESKTOP\CAD\LAYOUT\INET LAYOUT LIBRARIES\SHEET15.LLB
Tue May 11 03:50:37 Loaded file C:\USERS\ADMIN\DESKTOP\CAD\LAYOUT\INET LAYOUT LIBRARIES\SHEET16.LLB
Tue May 11 03:50:37 Loaded file C:\USERS\ADMIN\DESKTOP\CAD\LAYOUT\INET LAYOUT LIBRARIES\SHEET17.LLB
Tue May 11 03:50:37 Loaded file C:\USERS\ADMIN\DESKTOP\CAD\LAYOUT\INET LAYOUT LIBRARIES\SHEET18.LLB
Tue May 11 03:50:37 Loaded file C:\USERS\ADMIN\DESKTOP\CAD\LAYOUT\INET LAYOUT LIBRARIES\SHEET19.LLB
Tue May 11 03:50:37 Loaded file C:\USERS\ADMIN\DESKTOP\CAD\LAYOUT\INET LAYOUT LIBRARIES\SHEET20.LLB
Tue May 11 03:50:37 Loaded file C:\USERS\ADMIN\DESKTOP\CAD\LAYOUT\INET LAYOUT LIBRARIES\SHEET21.LLB
Tue May 11 03:50:37 Loaded file C:\USERS\ADMIN\DESKTOP\CAD\LAYOUT\INET LAYOUT LIBRARIES\SHEET22.LLB
Tue May 11 03:50:37 Loaded file C:\USERS\ADMIN\DESKTOP\CAD\LAYOUT\INET LAYOUT LIBRARIES\SHEET23.LLB
Tue May 11 03:50:37 Loaded file C:\USERS\ADMIN\DESKTOP\CAD\LAYOUT\INET LAYOUT LIBRARIES\SHEET24.LLB
Tue May 11 03:50:37 Loaded file C:\USERS\ADMIN\DESKTOP\CAD\LAYOUT\INET LAYOUT LIBRARIES\SHEET25.LLB
Tue May 11 03:50:37 Loaded file C:\USERS\ADMIN\DESKTOP\CAD\LAYOUT\INET LAYOUT LIBRARIES\SHEET26.LLB
Tue May 11 03:50:37 Loaded file C:\USERS\ADMIN\DESKTOP\CAD\LAYOUT\INET LAYOUT LIBRARIES\SHEET27.LLB
Tue May 11 03:50:37 Loaded file C:\USERS\ADMIN\DESKTOP\CAD\LAYOUT\INET LAYOUT LIBRARIES\SHEET28.LLB
Tue May 11 03:50:37 Loaded file C:\USERS\ADMIN\DESKTOP\CAD\LAYOUT\INET LAYOUT LIBRARIES\SHEET29.LLB
Tue May 11 03:50:37 Loaded file C:\USERS\ADMIN\DESKTOP\CAD\LAYOUT\INET LAYOUT LIBRARIES\SHEET30.LLB
Tue May 11 03:50:37 Loaded file C:\USERS\ADMIN\DESKTOP\CAD\LAYOUT\INET LAYOUT LIBRARIES\SHEET31.LLB
Tue May 11 03:50:37 Loaded file C:\USERS\ADMIN\DESKTOP\CAD\LAYOUT\INET LAYOUT LIBRARIES\SHEET32.LLB
Tue May 11 03:50:37 Loaded file C:\USERS\ADMIN\DESKTOP\CAD\LAYOUT\INET LAYOUT LIBRARIES\SHEET33.LLB
Tue May 11 03:50:37 Loaded file C:\USERS\ADMIN\DESKTOP\CAD\LAYOUT\INET LAYOUT LIBRARIES\SHEET34.LLB
Tue May 11 03:50:37 Loaded file C:\OrCAD\OrCAD_10.5\tools\Layout_Plus\library\BCON100T.llb
Tue May 11 03:50:37 Loaded file C:\OrCAD\OrCAD_10.5\tools\Layout_Plus\library\BCON156T.llb
Tue May 11 03:50:37 Loaded file C:\OrCAD\OrCAD_10.5\tools\Layout_Plus\library\BGA.llb
Tue May 11 03:50:37 Loaded file C:\OrCAD\OrCAD_10.5\tools\Layout_Plus\library\CLCC.llb
Tue May 11 03:50:37 Loaded file C:\OrCAD\OrCAD_10.5\tools\Layout_Plus\library\DCON050T.llb
Tue May 11 03:50:37 Loaded file C:\OrCAD\OrCAD_10.5\tools\Layout_Plus\library\DCON085T.llb
Tue May 11 03:50:37 Loaded file C:\OrCAD\OrCAD_10.5\tools\Layout_Plus\library\DIMM050F.llb
Tue May 11 03:50:37 Loaded file C:\OrCAD\OrCAD_10.5\tools\Layout_Plus\library\DIMM050T.llb
Tue May 11 03:50:37 Loaded file C:\OrCAD\OrCAD_10.5\tools\Layout_Plus\library\DIN.llb
Tue May 11 03:50:37 Loaded file C:\OrCAD\OrCAD_10.5\tools\Layout_Plus\library\DIP100B.llb
Tue May 11 03:50:37 Loaded file C:\OrCAD\OrCAD_10.5\tools\Layout_Plus\library\DIP100T.llb
Tue May 11 03:50:37 Loaded file C:\OrCAD\OrCAD_10.5\tools\Layout_Plus\library\DSUBT.llb
Tue May 11 03:50:37 Loaded file C:\OrCAD\OrCAD_10.5\tools\Layout_Plus\library\DSUBT_HD.LLB
Tue May 11 03:50:37 Loaded file C:\OrCAD\OrCAD_10.5\tools\Layout_Plus\library\ECON100T.llb
Tue May 11 03:50:37 Loaded file C:\OrCAD\OrCAD_10.5\tools\Layout_Plus\library\FBUS.llb
Tue May 11 03:50:37 Loaded file C:\OrCAD\OrCAD_10.5\tools\Layout_Plus\library\ISA.llb
Tue May 11 03:50:37 Loaded file C:\OrCAD\OrCAD_10.5\tools\Layout_Plus\library\JUMPER.LLB
Tue May 11 03:50:37 Loaded file C:\OrCAD\OrCAD_10.5\tools\Layout_Plus\library\LAYOUT.llb
Tue May 11 03:50:37 Loaded file C:\OrCAD\OrCAD_10.5\tools\Layout_Plus\library\LCON100T.llb
Tue May 11 03:50:37 Loaded file C:\OrCAD\OrCAD_10.5\tools\Layout_Plus\library\PC104.llb
Tue May 11 03:50:37 Loaded file C:\OrCAD\OrCAD_10.5\tools\Layout_Plus\library\PCI.llb
Tue May 11 03:50:37 Loaded file C:\OrCAD\OrCAD_10.5\tools\Layout_Plus\library\PCON100T.llb
Tue May 11 03:50:37 Loaded file C:\OrCAD\OrCAD_10.5\tools\Layout_Plus\library\PCON156T.llb
Tue May 11 03:50:37 Loaded file C:\OrCAD\OrCAD_10.5\tools\Layout_Plus\library\PGA.llb
Tue May 11 03:50:37 Loaded file C:\OrCAD\OrCAD_10.5\tools\Layout_Plus\library\PLCC.llb
Tue May 11 03:50:37 Loaded file C:\OrCAD\OrCAD_10.5\tools\Layout_Plus\library\QUAD.llb
Tue May 11 03:50:37 Loaded file C:\OrCAD\OrCAD_10.5\tools\Layout_Plus\library\QUADB.llb
Tue May 11 03:50:37 Loaded file C:\OrCAD\OrCAD_10.5\tools\Layout_Plus\library\RELAY.llb
Tue May 11 03:50:37 Loaded file C:\OrCAD\OrCAD_10.5\tools\Layout_Plus\library\RF.llb
Tue May 11 03:50:37 Loaded file C:\OrCAD\OrCAD_10.5\tools\Layout_Plus\library\SBUS.llb
Tue May 11 03:50:37 Loaded file C:\OrCAD\OrCAD_10.5\tools\Layout_Plus\library\SIMM050F.llb
Tue May 11 03:50:37 Loaded file C:\OrCAD\OrCAD_10.5\tools\Layout_Plus\library\SIMM050T.llb
Tue May 11 03:50:37 Loaded file C:\OrCAD\OrCAD_10.5\tools\Layout_Plus\library\SIMM100F.llb
Tue May 11 03:50:37 Loaded file C:\OrCAD\OrCAD_10.5\tools\Layout_Plus\library\SIMM100T.llb
Tue May 11 03:50:37 Loaded file C:\OrCAD\OrCAD_10.5\tools\Layout_Plus\library\SIP.llb
Tue May 11 03:50:37 Loaded file C:\OrCAD\OrCAD_10.5\tools\Layout_Plus\library\SM.llb
Tue May 11 03:50:37 Loaded file C:\OrCAD\OrCAD_10.5\tools\Layout_Plus\library\SOG.llb
Tue May 11 03:50:37 Loaded file C:\OrCAD\OrCAD_10.5\tools\Layout_Plus\library\SOJ.llb
Tue May 11 03:50:37 Loaded file C:\OrCAD\OrCAD_10.5\tools\Layout_Plus\library\STIFF.llb
Tue May 11 03:50:37 Loaded file C:\OrCAD\OrCAD_10.5\tools\Layout_Plus\library\TELE.llb
Tue May 11 03:50:37 Loaded file C:\OrCAD\OrCAD_10.5\tools\Layout_Plus\library\TM_AXIAL.llb
Tue May 11 03:50:37 Loaded file C:\OrCAD\OrCAD_10.5\tools\Layout_Plus\library\TM_CAP_P.llb
Tue May 11 03:50:37 Loaded file C:\OrCAD\OrCAD_10.5\tools\Layout_Plus\library\TM_CYLND.llb
Tue May 11 03:50:37 Loaded file C:\OrCAD\OrCAD_10.5\tools\Layout_Plus\library\TM_DIODE.llb
Tue May 11 03:50:37 Loaded file C:\OrCAD\OrCAD_10.5\tools\Layout_Plus\library\TM_DISC.llb
Tue May 11 03:50:37 Loaded file C:\OrCAD\OrCAD_10.5\tools\Layout_Plus\library\TM_RAD.llb
Tue May 11 03:50:37 Loaded file C:\OrCAD\OrCAD_10.5\tools\Layout_Plus\library\TO.llb
Tue May 11 03:50:37 Loaded file C:\OrCAD\OrCAD_10.5\tools\Layout_Plus\library\TRAINING.LLB
Tue May 11 03:50:37 Loaded file C:\OrCAD\OrCAD_10.5\tools\Layout_Plus\library\VRES.llb
Tue May 11 03:50:37 Loaded file C:\OrCAD\OrCAD_10.5\tools\Layout_Plus\library\WCON100T.llb
Tue May 11 03:50:37 Loaded file C:\OrCAD\OrCAD_10.5\tools\Layout_Plus\library\XT.llb
Tue May 11 03:50:37 Loaded file C:\OrCAD\OrCAD_10.5\tools\Layout_Plus\library\ZIGZAG.llb
Tue May 11 03:50:40 Loaded file C:\OrCAD\OrCAD_10.5\tools\Layout_Plus\library\TM_AXIAL.llb
Tue May 11 03:50:40 Loaded file C:\USERS\ADMIN\DESKTOP\CAD\LAYOUT\INET LAYOUT LIBRARIES\SHEET06.LLB
Tue May 11 03:50:40 Loaded file C:\ORCAD\ORCAD_10.5\TOOLS\LAYOUT_PLUS\DATA\KAMEN.LLB
Tue May 11 03:50:40 Loaded file C:\ORCAD\ORCAD_10.5\TOOLS\LAYOUT_PLUS\DATA\KAMEN.LLB
Tue May 11 03:50:40 Loaded file C:\ORCAD\ORCAD_10.5\TOOLS\LAYOUT_PLUS\DATA\_DEFAULT.TCH
Tue May 11 03:50:40 Saved as file C:\ORCAD\ORCAD_10.5\TOOLS\LAYOUT_PLUS\DATA\_DEFAULT.TCH
Tue May 11 09:43:18 UserDiv from Layout.INI for AutoECO: 60
Tue May 11 09:43:18 Loaded file C:\ORCAD\ORCAD_10.5\TOOLS\LAYOUT_PLUS\DATA\_DEFAULT.TCH
Tue May 11 09:43:18 Loaded file C:\ORCAD\ORCAD_10.5\TOOLS\LAYOUT_PLUS\DATA\USERCONN.LLB
Tue May 11 09:43:18 Loaded file C:\ORCAD\ORCAD_10.5\TOOLS\LAYOUT_PLUS\DATA\KAMEN.LLB
Tue May 11 09:43:18 Loaded file C:\ORCAD\ORCAD_10.5\TOOLS\LAYOUT_PLUS\DATA\NEW.LLB
Tue May 11 09:43:18 Loaded file C:\ORCAD\ORCAD_10.5\TOOLS\LAYOUT_PLUS\LIBRARY\USIL.LLB
Tue May 11 09:43:18 Loaded file C:\USERS\ADMIN\DESKTOP\CAD\LAYOUT\INET LAYOUT LIBRARIES\CAP_ASS.LLB
Tue May 11 09:43:18 Loaded file C:\USERS\ADMIN\DESKTOP\CAD\LAYOUT\INET LAYOUT LIBRARIES\CONN_COAX.LLB
Tue May 11 09:43:18 Loaded file C:\USERS\ADMIN\DESKTOP\CAD\LAYOUT\INET LAYOUT LIBRARIES\CONN_DIN.LLB
Tue May 11 09:43:18 Loaded file C:\USERS\ADMIN\DESKTOP\CAD\LAYOUT\INET LAYOUT LIBRARIES\CONN_DSUB.LLB
Tue May 11 09:43:18 Loaded file C:\USERS\ADMIN\DESKTOP\CAD\LAYOUT\INET LAYOUT LIBRARIES\CONN_STRIP.LLB
Tue May 11 09:43:18 Loaded file C:\USERS\ADMIN\DESKTOP\CAD\LAYOUT\INET LAYOUT LIBRARIES\DEVICE.LLB
Tue May 11 09:43:18 Loaded file C:\USERS\ADMIN\DESKTOP\CAD\LAYOUT\INET LAYOUT LIBRARIES\DIODE.LLB
Tue May 11 09:43:18 Loaded file C:\USERS\ADMIN\DESKTOP\CAD\LAYOUT\INET LAYOUT LIBRARIES\DIP.LLB
Tue May 11 09:43:18 Loaded file C:\USERS\ADMIN\DESKTOP\CAD\LAYOUT\INET LAYOUT LIBRARIES\INDUTTORI.LLB
Tue May 11 09:43:18 Loaded file C:\USERS\ADMIN\DESKTOP\CAD\LAYOUT\INET LAYOUT LIBRARIES\MORSETTIERE.LLB
Tue May 11 09:43:18 Loaded file C:\USERS\ADMIN\DESKTOP\CAD\LAYOUT\INET LAYOUT LIBRARIES\OPTOELETTRONICA.LLB
Tue May 11 09:43:18 Loaded file C:\USERS\ADMIN\DESKTOP\CAD\LAYOUT\INET LAYOUT LIBRARIES\PLCCNEW.LLB
Tue May 11 09:43:18 Loaded file C:\USERS\ADMIN\DESKTOP\CAD\LAYOUT\INET LAYOUT LIBRARIES\PQFP.LLB
Tue May 11 09:43:18 Loaded file C:\USERS\ADMIN\DESKTOP\CAD\LAYOUT\INET LAYOUT LIBRARIES\RELAYNEW.LLB
Tue May 11 09:43:18 Loaded file C:\USERS\ADMIN\DESKTOP\CAD\LAYOUT\INET LAYOUT LIBRARIES\SMD.LLB
Tue May 11 09:43:18 Loaded file C:\USERS\ADMIN\DESKTOP\CAD\LAYOUT\INET LAYOUT LIBRARIES\SWITCH.LLB
Tue May 11 09:43:18 Loaded file C:\USERS\ADMIN\DESKTOP\CAD\LAYOUT\INET LAYOUT LIBRARIES\TONEW.LLB
Tue May 11 09:43:18 Loaded file C:\USERS\ADMIN\DESKTOP\CAD\LAYOUT\INET LAYOUT LIBRARIES\TRANSFORMER.LLB
Tue May 11 09:43:18 Loaded file C:\USERS\ADMIN\DESKTOP\CAD\LAYOUT\INET LAYOUT LIBRARIES\TRIMMER.LLB
Tue May 11 09:43:18 Loaded file C:\USERS\ADMIN\DESKTOP\CAD\LAYOUT\INET LAYOUT LIBRARIES\QUARZI.LLB
Tue May 11 09:43:18 Loaded file C:\USERS\ADMIN\DESKTOP\CAD\LAYOUT\INET LAYOUT LIBRARIES\CAP_RAD.LLB
Tue May 11 09:43:18 Loaded file C:\USERS\ADMIN\DESKTOP\USB\LAYOUT.LLB
Tue May 11 09:43:18 Loaded file C:\USERS\ADMIN\DESKTOP\CAD\LAYOUT\INET LAYOUT LIBRARIES\RESIST.LLB
Tue May 11 09:43:18 Loaded file C:\USERS\ADMIN\DESKTOP\CAD\LAYOUT\INET LAYOUT LIBRARIES\SHEET01.LLB
Tue May 11 09:43:18 Loaded file C:\USERS\ADMIN\DESKTOP\CAD\LAYOUT\INET LAYOUT LIBRARIES\SHEET02.LLB
Tue May 11 09:43:18 Loaded file C:\USERS\ADMIN\DESKTOP\CAD\LAYOUT\INET LAYOUT LIBRARIES\SHEET03.LLB
Tue May 11 09:43:18 Loaded file C:\USERS\ADMIN\DESKTOP\CAD\LAYOUT\INET LAYOUT LIBRARIES\SHEET04.LLB
Tue May 11 09:43:18 Loaded file C:\USERS\ADMIN\DESKTOP\CAD\LAYOUT\INET LAYOUT LIBRARIES\SHEET05.LLB
Tue May 11 09:43:18 Loaded file C:\USERS\ADMIN\DESKTOP\CAD\LAYOUT\INET LAYOUT LIBRARIES\SHEET06.LLB
Tue May 11 09:43:18 Loaded file C:\USERS\ADMIN\DESKTOP\CAD\LAYOUT\INET LAYOUT LIBRARIES\SHEET08.LLB
Tue May 11 09:43:18 Loaded file C:\USERS\ADMIN\DESKTOP\CAD\LAYOUT\INET LAYOUT LIBRARIES\SHEET09.LLB
Tue May 11 09:43:18 Loaded file C:\USERS\ADMIN\DESKTOP\CAD\LAYOUT\INET LAYOUT LIBRARIES\SHEET10.LLB
Tue May 11 09:43:18 Loaded file C:\USERS\ADMIN\DESKTOP\CAD\LAYOUT\INET LAYOUT LIBRARIES\SHEET11.LLB
Tue May 11 09:43:18 Loaded file C:\USERS\ADMIN\DESKTOP\CAD\LAYOUT\INET LAYOUT LIBRARIES\SHEET12.LLB
Tue May 11 09:43:18 Loaded file C:\USERS\ADMIN\DESKTOP\CAD\LAYOUT\INET LAYOUT LIBRARIES\SHEET13.LLB
Tue May 11 09:43:18 Loaded file C:\USERS\ADMIN\DESKTOP\CAD\LAYOUT\INET LAYOUT LIBRARIES\SHEET14.LLB
Tue May 11 09:43:18 Loaded file C:\USERS\ADMIN\DESKTOP\CAD\LAYOUT\INET LAYOUT LIBRARIES\SHEET15.LLB
Tue May 11 09:43:18 Loaded file C:\USERS\ADMIN\DESKTOP\CAD\LAYOUT\INET LAYOUT LIBRARIES\SHEET16.LLB
Tue May 11 09:43:18 Loaded file C:\USERS\ADMIN\DESKTOP\CAD\LAYOUT\INET LAYOUT LIBRARIES\SHEET17.LLB
Tue May 11 09:43:18 Loaded file C:\USERS\ADMIN\DESKTOP\CAD\LAYOUT\INET LAYOUT LIBRARIES\SHEET18.LLB
Tue May 11 09:43:18 Loaded file C:\USERS\ADMIN\DESKTOP\CAD\LAYOUT\INET LAYOUT LIBRARIES\SHEET19.LLB
Tue May 11 09:43:18 Loaded file C:\USERS\ADMIN\DESKTOP\CAD\LAYOUT\INET LAYOUT LIBRARIES\SHEET20.LLB
Tue May 11 09:43:18 Loaded file C:\USERS\ADMIN\DESKTOP\CAD\LAYOUT\INET LAYOUT LIBRARIES\SHEET21.LLB
Tue May 11 09:43:18 Loaded file C:\USERS\ADMIN\DESKTOP\CAD\LAYOUT\INET LAYOUT LIBRARIES\SHEET22.LLB
Tue May 11 09:43:18 Loaded file C:\USERS\ADMIN\DESKTOP\CAD\LAYOUT\INET LAYOUT LIBRARIES\SHEET23.LLB
Tue May 11 09:43:18 Loaded file C:\USERS\ADMIN\DESKTOP\CAD\LAYOUT\INET LAYOUT LIBRARIES\SHEET24.LLB
Tue May 11 09:43:18 Loaded file C:\USERS\ADMIN\DESKTOP\CAD\LAYOUT\INET LAYOUT LIBRARIES\SHEET25.LLB
Tue May 11 09:43:18 Loaded file C:\USERS\ADMIN\DESKTOP\CAD\LAYOUT\INET LAYOUT LIBRARIES\SHEET26.LLB
Tue May 11 09:43:18 Loaded file C:\USERS\ADMIN\DESKTOP\CAD\LAYOUT\INET LAYOUT LIBRARIES\SHEET27.LLB
Tue May 11 09:43:18 Loaded file C:\USERS\ADMIN\DESKTOP\CAD\LAYOUT\INET LAYOUT LIBRARIES\SHEET28.LLB
Tue May 11 09:43:18 Loaded file C:\USERS\ADMIN\DESKTOP\CAD\LAYOUT\INET LAYOUT LIBRARIES\SHEET29.LLB
Tue May 11 09:43:18 Loaded file C:\USERS\ADMIN\DESKTOP\CAD\LAYOUT\INET LAYOUT LIBRARIES\SHEET30.LLB
Tue May 11 09:43:18 Loaded file C:\USERS\ADMIN\DESKTOP\CAD\LAYOUT\INET LAYOUT LIBRARIES\SHEET31.LLB
Tue May 11 09:43:18 Loaded file C:\USERS\ADMIN\DESKTOP\CAD\LAYOUT\INET LAYOUT LIBRARIES\SHEET32.LLB
Tue May 11 09:43:18 Loaded file C:\USERS\ADMIN\DESKTOP\CAD\LAYOUT\INET LAYOUT LIBRARIES\SHEET33.LLB
Tue May 11 09:43:18 Loaded file C:\USERS\ADMIN\DESKTOP\CAD\LAYOUT\INET LAYOUT LIBRARIES\SHEET34.LLB
Tue May 11 09:43:18 Loaded file C:\OrCAD\OrCAD_10.5\tools\Layout_Plus\library\BCON100T.llb
Tue May 11 09:43:18 Loaded file C:\OrCAD\OrCAD_10.5\tools\Layout_Plus\library\BCON156T.llb
Tue May 11 09:43:18 Loaded file C:\OrCAD\OrCAD_10.5\tools\Layout_Plus\library\BGA.llb
Tue May 11 09:43:18 Loaded file C:\OrCAD\OrCAD_10.5\tools\Layout_Plus\library\CLCC.llb
Tue May 11 09:43:18 Loaded file C:\OrCAD\OrCAD_10.5\tools\Layout_Plus\library\DCON050T.llb
Tue May 11 09:43:18 Loaded file C:\OrCAD\OrCAD_10.5\tools\Layout_Plus\library\DCON085T.llb
Tue May 11 09:43:18 Loaded file C:\OrCAD\OrCAD_10.5\tools\Layout_Plus\library\DIMM050F.llb
Tue May 11 09:43:18 Loaded file C:\OrCAD\OrCAD_10.5\tools\Layout_Plus\library\DIMM050T.llb
Tue May 11 09:43:18 Loaded file C:\OrCAD\OrCAD_10.5\tools\Layout_Plus\library\DIN.llb
Tue May 11 09:43:18 Loaded file C:\OrCAD\OrCAD_10.5\tools\Layout_Plus\library\DIP100B.llb
Tue May 11 09:43:18 Loaded file C:\OrCAD\OrCAD_10.5\tools\Layout_Plus\library\DIP100T.llb
Tue May 11 09:43:18 Loaded file C:\OrCAD\OrCAD_10.5\tools\Layout_Plus\library\DSUBT.llb
Tue May 11 09:43:18 Loaded file C:\OrCAD\OrCAD_10.5\tools\Layout_Plus\library\DSUBT_HD.LLB
Tue May 11 09:43:18 Loaded file C:\OrCAD\OrCAD_10.5\tools\Layout_Plus\library\ECON100T.llb
Tue May 11 09:43:18 Loaded file C:\OrCAD\OrCAD_10.5\tools\Layout_Plus\library\FBUS.llb
Tue May 11 09:43:18 Loaded file C:\OrCAD\OrCAD_10.5\tools\Layout_Plus\library\ISA.llb
Tue May 11 09:43:18 Loaded file C:\OrCAD\OrCAD_10.5\tools\Layout_Plus\library\JUMPER.LLB
Tue May 11 09:43:18 Loaded file C:\OrCAD\OrCAD_10.5\tools\Layout_Plus\library\LAYOUT.llb
Tue May 11 09:43:18 Loaded file C:\OrCAD\OrCAD_10.5\tools\Layout_Plus\library\LCON100T.llb
Tue May 11 09:43:18 Loaded file C:\OrCAD\OrCAD_10.5\tools\Layout_Plus\library\PC104.llb
Tue May 11 09:43:18 Loaded file C:\OrCAD\OrCAD_10.5\tools\Layout_Plus\library\PCI.llb
Tue May 11 09:43:18 Loaded file C:\OrCAD\OrCAD_10.5\tools\Layout_Plus\library\PCON100T.llb
Tue May 11 09:43:18 Loaded file C:\OrCAD\OrCAD_10.5\tools\Layout_Plus\library\PCON156T.llb
Tue May 11 09:43:18 Loaded file C:\OrCAD\OrCAD_10.5\tools\Layout_Plus\library\PGA.llb
Tue May 11 09:43:18 Loaded file C:\OrCAD\OrCAD_10.5\tools\Layout_Plus\library\PLCC.llb
Tue May 11 09:43:18 Loaded file C:\OrCAD\OrCAD_10.5\tools\Layout_Plus\library\QUAD.llb
Tue May 11 09:43:18 Loaded file C:\OrCAD\OrCAD_10.5\tools\Layout_Plus\library\QUADB.llb
Tue May 11 09:43:18 Loaded file C:\OrCAD\OrCAD_10.5\tools\Layout_Plus\library\RELAY.llb
Tue May 11 09:43:18 Loaded file C:\OrCAD\OrCAD_10.5\tools\Layout_Plus\library\RF.llb
Tue May 11 09:43:18 Loaded file C:\OrCAD\OrCAD_10.5\tools\Layout_Plus\library\SBUS.llb
Tue May 11 09:43:18 Loaded file C:\OrCAD\OrCAD_10.5\tools\Layout_Plus\library\SIMM050F.llb
Tue May 11 09:43:18 Loaded file C:\OrCAD\OrCAD_10.5\tools\Layout_Plus\library\SIMM050T.llb
Tue May 11 09:43:18 Loaded file C:\OrCAD\OrCAD_10.5\tools\Layout_Plus\library\SIMM100F.llb
Tue May 11 09:43:18 Loaded file C:\OrCAD\OrCAD_10.5\tools\Layout_Plus\library\SIMM100T.llb
Tue May 11 09:43:18 Loaded file C:\OrCAD\OrCAD_10.5\tools\Layout_Plus\library\SIP.llb
Tue May 11 09:43:18 Loaded file C:\OrCAD\OrCAD_10.5\tools\Layout_Plus\library\SM.llb
Tue May 11 09:43:18 Loaded file C:\OrCAD\OrCAD_10.5\tools\Layout_Plus\library\SOG.llb
Tue May 11 09:43:18 Loaded file C:\OrCAD\OrCAD_10.5\tools\Layout_Plus\library\SOJ.llb
Tue May 11 09:43:18 Loaded file C:\OrCAD\OrCAD_10.5\tools\Layout_Plus\library\STIFF.llb
Tue May 11 09:43:18 Loaded file C:\OrCAD\OrCAD_10.5\tools\Layout_Plus\library\TELE.llb
Tue May 11 09:43:18 Loaded file C:\OrCAD\OrCAD_10.5\tools\Layout_Plus\library\TM_AXIAL.llb
Tue May 11 09:43:18 Loaded file C:\OrCAD\OrCAD_10.5\tools\Layout_Plus\library\TM_CAP_P.llb
Tue May 11 09:43:18 Loaded file C:\OrCAD\OrCAD_10.5\tools\Layout_Plus\library\TM_CYLND.llb
Tue May 11 09:43:18 Loaded file C:\OrCAD\OrCAD_10.5\tools\Layout_Plus\library\TM_DIODE.llb
Tue May 11 09:43:18 Loaded file C:\OrCAD\OrCAD_10.5\tools\Layout_Plus\library\TM_DISC.llb
Tue May 11 09:43:18 Loaded file C:\OrCAD\OrCAD_10.5\tools\Layout_Plus\library\TM_RAD.llb
Tue May 11 09:43:18 Loaded file C:\OrCAD\OrCAD_10.5\tools\Layout_Plus\library\TO.llb
Tue May 11 09:43:18 Loaded file C:\OrCAD\OrCAD_10.5\tools\Layout_Plus\library\TRAINING.LLB
Tue May 11 09:43:18 Loaded file C:\OrCAD\OrCAD_10.5\tools\Layout_Plus\library\VRES.llb
Tue May 11 09:43:18 Loaded file C:\OrCAD\OrCAD_10.5\tools\Layout_Plus\library\WCON100T.llb
Tue May 11 09:43:18 Loaded file C:\OrCAD\OrCAD_10.5\tools\Layout_Plus\library\XT.llb
Tue May 11 09:43:18 Loaded file C:\OrCAD\OrCAD_10.5\tools\Layout_Plus\library\ZIGZAG.llb
Tue May 11 09:43:18 Loaded file C:\OrCAD\OrCAD_10.5\tools\Layout_Plus\library\TM_AXIAL.llb
Tue May 11 09:43:18 Loaded file C:\USERS\ADMIN\DESKTOP\CAD\LAYOUT\INET LAYOUT LIBRARIES\SHEET06.LLB
Tue May 11 09:43:29 Loaded file C:\ORCAD\ORCAD_10.5\TOOLS\LAYOUT_PLUS\DATA\_DEFAULT.TCH
Tue May 11 09:43:29 Saved as file C:\ORCAD\ORCAD_10.5\TOOLS\LAYOUT_PLUS\DATA\_DEFAULT.TCH
Tue May 11 10:05:43 UserDiv from Layout.INI for AutoECO: 60
Tue May 11 10:05:43 Loaded file C:\ORCAD\ORCAD_10.5\TOOLS\LAYOUT_PLUS\DATA\_DEFAULT.TCH
Tue May 11 10:05:43 Loaded file C:\ORCAD\ORCAD_10.5\TOOLS\LAYOUT_PLUS\DATA\USERCONN.LLB
Tue May 11 10:05:43 Loaded file C:\ORCAD\ORCAD_10.5\TOOLS\LAYOUT_PLUS\DATA\KAMEN.LLB
Tue May 11 10:05:43 Loaded file C:\ORCAD\ORCAD_10.5\TOOLS\LAYOUT_PLUS\DATA\NEW.LLB
Tue May 11 10:05:43 Loaded file C:\ORCAD\ORCAD_10.5\TOOLS\LAYOUT_PLUS\LIBRARY\USIL.LLB
Tue May 11 10:05:43 Loaded file C:\USERS\ADMIN\DESKTOP\CAD\LAYOUT\INET LAYOUT LIBRARIES\CAP_ASS.LLB
Tue May 11 10:05:43 Loaded file C:\USERS\ADMIN\DESKTOP\CAD\LAYOUT\INET LAYOUT LIBRARIES\CONN_COAX.LLB
Tue May 11 10:05:43 Loaded file C:\USERS\ADMIN\DESKTOP\CAD\LAYOUT\INET LAYOUT LIBRARIES\CONN_DIN.LLB
Tue May 11 10:05:43 Loaded file C:\USERS\ADMIN\DESKTOP\CAD\LAYOUT\INET LAYOUT LIBRARIES\CONN_DSUB.LLB
Tue May 11 10:05:43 Loaded file C:\USERS\ADMIN\DESKTOP\CAD\LAYOUT\INET LAYOUT LIBRARIES\CONN_STRIP.LLB
Tue May 11 10:05:43 Loaded file C:\USERS\ADMIN\DESKTOP\CAD\LAYOUT\INET LAYOUT LIBRARIES\DEVICE.LLB
Tue May 11 10:05:43 Loaded file C:\USERS\ADMIN\DESKTOP\CAD\LAYOUT\INET LAYOUT LIBRARIES\DIODE.LLB
Tue May 11 10:05:43 Loaded file C:\USERS\ADMIN\DESKTOP\CAD\LAYOUT\INET LAYOUT LIBRARIES\DIP.LLB
Tue May 11 10:05:43 Loaded file C:\USERS\ADMIN\DESKTOP\CAD\LAYOUT\INET LAYOUT LIBRARIES\INDUTTORI.LLB
Tue May 11 10:05:43 Loaded file C:\USERS\ADMIN\DESKTOP\CAD\LAYOUT\INET LAYOUT LIBRARIES\MORSETTIERE.LLB
Tue May 11 10:05:43 Loaded file C:\USERS\ADMIN\DESKTOP\CAD\LAYOUT\INET LAYOUT LIBRARIES\OPTOELETTRONICA.LLB
Tue May 11 10:05:43 Loaded file C:\USERS\ADMIN\DESKTOP\CAD\LAYOUT\INET LAYOUT LIBRARIES\PLCCNEW.LLB
Tue May 11 10:05:43 Loaded file C:\USERS\ADMIN\DESKTOP\CAD\LAYOUT\INET LAYOUT LIBRARIES\PQFP.LLB
Tue May 11 10:05:43 Loaded file C:\USERS\ADMIN\DESKTOP\CAD\LAYOUT\INET LAYOUT LIBRARIES\RELAYNEW.LLB
Tue May 11 10:05:43 Loaded file C:\USERS\ADMIN\DESKTOP\CAD\LAYOUT\INET LAYOUT LIBRARIES\SMD.LLB
Tue May 11 10:05:43 Loaded file C:\USERS\ADMIN\DESKTOP\CAD\LAYOUT\INET LAYOUT LIBRARIES\SWITCH.LLB
Tue May 11 10:05:43 Loaded file C:\USERS\ADMIN\DESKTOP\CAD\LAYOUT\INET LAYOUT LIBRARIES\TONEW.LLB
Tue May 11 10:05:43 Loaded file C:\USERS\ADMIN\DESKTOP\CAD\LAYOUT\INET LAYOUT LIBRARIES\TRANSFORMER.LLB
Tue May 11 10:05:43 Loaded file C:\USERS\ADMIN\DESKTOP\CAD\LAYOUT\INET LAYOUT LIBRARIES\TRIMMER.LLB
Tue May 11 10:05:43 Loaded file C:\USERS\ADMIN\DESKTOP\CAD\LAYOUT\INET LAYOUT LIBRARIES\QUARZI.LLB
Tue May 11 10:05:43 Loaded file C:\USERS\ADMIN\DESKTOP\CAD\LAYOUT\INET LAYOUT LIBRARIES\CAP_RAD.LLB
Tue May 11 10:05:43 Loaded file C:\USERS\ADMIN\DESKTOP\USB\LAYOUT.LLB
Tue May 11 10:05:43 Loaded file C:\USERS\ADMIN\DESKTOP\CAD\LAYOUT\INET LAYOUT LIBRARIES\RESIST.LLB
Tue May 11 10:05:43 Loaded file C:\USERS\ADMIN\DESKTOP\CAD\LAYOUT\INET LAYOUT LIBRARIES\SHEET01.LLB
Tue May 11 10:05:43 Loaded file C:\USERS\ADMIN\DESKTOP\CAD\LAYOUT\INET LAYOUT LIBRARIES\SHEET02.LLB
Tue May 11 10:05:43 Loaded file C:\USERS\ADMIN\DESKTOP\CAD\LAYOUT\INET LAYOUT LIBRARIES\SHEET03.LLB
Tue May 11 10:05:43 Loaded file C:\USERS\ADMIN\DESKTOP\CAD\LAYOUT\INET LAYOUT LIBRARIES\SHEET04.LLB
Tue May 11 10:05:43 Loaded file C:\USERS\ADMIN\DESKTOP\CAD\LAYOUT\INET LAYOUT LIBRARIES\SHEET05.LLB
Tue May 11 10:05:43 Loaded file C:\USERS\ADMIN\DESKTOP\CAD\LAYOUT\INET LAYOUT LIBRARIES\SHEET06.LLB
Tue May 11 10:05:43 Loaded file C:\USERS\ADMIN\DESKTOP\CAD\LAYOUT\INET LAYOUT LIBRARIES\SHEET08.LLB
Tue May 11 10:05:43 Loaded file C:\USERS\ADMIN\DESKTOP\CAD\LAYOUT\INET LAYOUT LIBRARIES\SHEET09.LLB
Tue May 11 10:05:43 Loaded file C:\USERS\ADMIN\DESKTOP\CAD\LAYOUT\INET LAYOUT LIBRARIES\SHEET10.LLB
Tue May 11 10:05:43 Loaded file C:\USERS\ADMIN\DESKTOP\CAD\LAYOUT\INET LAYOUT LIBRARIES\SHEET11.LLB
Tue May 11 10:05:43 Loaded file C:\USERS\ADMIN\DESKTOP\CAD\LAYOUT\INET LAYOUT LIBRARIES\SHEET12.LLB
Tue May 11 10:05:43 Loaded file C:\USERS\ADMIN\DESKTOP\CAD\LAYOUT\INET LAYOUT LIBRARIES\SHEET13.LLB
Tue May 11 10:05:43 Loaded file C:\USERS\ADMIN\DESKTOP\CAD\LAYOUT\INET LAYOUT LIBRARIES\SHEET14.LLB
Tue May 11 10:05:43 Loaded file C:\USERS\ADMIN\DESKTOP\CAD\LAYOUT\INET LAYOUT LIBRARIES\SHEET15.LLB
Tue May 11 10:05:43 Loaded file C:\USERS\ADMIN\DESKTOP\CAD\LAYOUT\INET LAYOUT LIBRARIES\SHEET16.LLB
Tue May 11 10:05:43 Loaded file C:\USERS\ADMIN\DESKTOP\CAD\LAYOUT\INET LAYOUT LIBRARIES\SHEET17.LLB
Tue May 11 10:05:43 Loaded file C:\USERS\ADMIN\DESKTOP\CAD\LAYOUT\INET LAYOUT LIBRARIES\SHEET18.LLB
Tue May 11 10:05:43 Loaded file C:\USERS\ADMIN\DESKTOP\CAD\LAYOUT\INET LAYOUT LIBRARIES\SHEET19.LLB
Tue May 11 10:05:43 Loaded file C:\USERS\ADMIN\DESKTOP\CAD\LAYOUT\INET LAYOUT LIBRARIES\SHEET20.LLB
Tue May 11 10:05:43 Loaded file C:\USERS\ADMIN\DESKTOP\CAD\LAYOUT\INET LAYOUT LIBRARIES\SHEET21.LLB
Tue May 11 10:05:43 Loaded file C:\USERS\ADMIN\DESKTOP\CAD\LAYOUT\INET LAYOUT LIBRARIES\SHEET22.LLB
Tue May 11 10:05:43 Loaded file C:\USERS\ADMIN\DESKTOP\CAD\LAYOUT\INET LAYOUT LIBRARIES\SHEET23.LLB
Tue May 11 10:05:43 Loaded file C:\USERS\ADMIN\DESKTOP\CAD\LAYOUT\INET LAYOUT LIBRARIES\SHEET24.LLB
Tue May 11 10:05:43 Loaded file C:\USERS\ADMIN\DESKTOP\CAD\LAYOUT\INET LAYOUT LIBRARIES\SHEET25.LLB
Tue May 11 10:05:43 Loaded file C:\USERS\ADMIN\DESKTOP\CAD\LAYOUT\INET LAYOUT LIBRARIES\SHEET26.LLB
Tue May 11 10:05:43 Loaded file C:\USERS\ADMIN\DESKTOP\CAD\LAYOUT\INET LAYOUT LIBRARIES\SHEET27.LLB
Tue May 11 10:05:43 Loaded file C:\USERS\ADMIN\DESKTOP\CAD\LAYOUT\INET LAYOUT LIBRARIES\SHEET28.LLB
Tue May 11 10:05:43 Loaded file C:\USERS\ADMIN\DESKTOP\CAD\LAYOUT\INET LAYOUT LIBRARIES\SHEET29.LLB
Tue May 11 10:05:43 Loaded file C:\USERS\ADMIN\DESKTOP\CAD\LAYOUT\INET LAYOUT LIBRARIES\SHEET30.LLB
Tue May 11 10:05:43 Loaded file C:\USERS\ADMIN\DESKTOP\CAD\LAYOUT\INET LAYOUT LIBRARIES\SHEET31.LLB
Tue May 11 10:05:43 Loaded file C:\USERS\ADMIN\DESKTOP\CAD\LAYOUT\INET LAYOUT LIBRARIES\SHEET32.LLB
Tue May 11 10:05:43 Loaded file C:\USERS\ADMIN\DESKTOP\CAD\LAYOUT\INET LAYOUT LIBRARIES\SHEET33.LLB
Tue May 11 10:05:43 Loaded file C:\USERS\ADMIN\DESKTOP\CAD\LAYOUT\INET LAYOUT LIBRARIES\SHEET34.LLB
Tue May 11 10:05:43 Loaded file C:\OrCAD\OrCAD_10.5\tools\Layout_Plus\library\BCON100T.llb
Tue May 11 10:05:43 Loaded file C:\OrCAD\OrCAD_10.5\tools\Layout_Plus\library\BCON156T.llb
Tue May 11 10:05:43 Loaded file C:\OrCAD\OrCAD_10.5\tools\Layout_Plus\library\BGA.llb
Tue May 11 10:05:43 Loaded file C:\OrCAD\OrCAD_10.5\tools\Layout_Plus\library\CLCC.llb
Tue May 11 10:05:43 Loaded file C:\OrCAD\OrCAD_10.5\tools\Layout_Plus\library\DCON050T.llb
Tue May 11 10:05:43 Loaded file C:\OrCAD\OrCAD_10.5\tools\Layout_Plus\library\DCON085T.llb
Tue May 11 10:05:43 Loaded file C:\OrCAD\OrCAD_10.5\tools\Layout_Plus\library\DIMM050F.llb
Tue May 11 10:05:43 Loaded file C:\OrCAD\OrCAD_10.5\tools\Layout_Plus\library\DIMM050T.llb
Tue May 11 10:05:43 Loaded file C:\OrCAD\OrCAD_10.5\tools\Layout_Plus\library\DIN.llb
Tue May 11 10:05:43 Loaded file C:\OrCAD\OrCAD_10.5\tools\Layout_Plus\library\DIP100B.llb
Tue May 11 10:05:43 Loaded file C:\OrCAD\OrCAD_10.5\tools\Layout_Plus\library\DIP100T.llb
Tue May 11 10:05:43 Loaded file C:\OrCAD\OrCAD_10.5\tools\Layout_Plus\library\DSUBT.llb
Tue May 11 10:05:43 Loaded file C:\OrCAD\OrCAD_10.5\tools\Layout_Plus\library\DSUBT_HD.LLB
Tue May 11 10:05:43 Loaded file C:\OrCAD\OrCAD_10.5\tools\Layout_Plus\library\ECON100T.llb
Tue May 11 10:05:43 Loaded file C:\OrCAD\OrCAD_10.5\tools\Layout_Plus\library\FBUS.llb
Tue May 11 10:05:43 Loaded file C:\OrCAD\OrCAD_10.5\tools\Layout_Plus\library\ISA.llb
Tue May 11 10:05:43 Loaded file C:\OrCAD\OrCAD_10.5\tools\Layout_Plus\library\JUMPER.LLB
Tue May 11 10:05:43 Loaded file C:\OrCAD\OrCAD_10.5\tools\Layout_Plus\library\LAYOUT.llb
Tue May 11 10:05:43 Loaded file C:\OrCAD\OrCAD_10.5\tools\Layout_Plus\library\LCON100T.llb
Tue May 11 10:05:43 Loaded file C:\OrCAD\OrCAD_10.5\tools\Layout_Plus\library\PC104.llb
Tue May 11 10:05:43 Loaded file C:\OrCAD\OrCAD_10.5\tools\Layout_Plus\library\PCI.llb
Tue May 11 10:05:43 Loaded file C:\OrCAD\OrCAD_10.5\tools\Layout_Plus\library\PCON100T.llb
Tue May 11 10:05:43 Loaded file C:\OrCAD\OrCAD_10.5\tools\Layout_Plus\library\PCON156T.llb
Tue May 11 10:05:43 Loaded file C:\OrCAD\OrCAD_10.5\tools\Layout_Plus\library\PGA.llb
Tue May 11 10:05:43 Loaded file C:\OrCAD\OrCAD_10.5\tools\Layout_Plus\library\PLCC.llb
Tue May 11 10:05:43 Loaded file C:\OrCAD\OrCAD_10.5\tools\Layout_Plus\library\QUAD.llb
Tue May 11 10:05:43 Loaded file C:\OrCAD\OrCAD_10.5\tools\Layout_Plus\library\QUADB.llb
Tue May 11 10:05:43 Loaded file C:\OrCAD\OrCAD_10.5\tools\Layout_Plus\library\RELAY.llb
Tue May 11 10:05:43 Loaded file C:\OrCAD\OrCAD_10.5\tools\Layout_Plus\library\RF.llb
Tue May 11 10:05:43 Loaded file C:\OrCAD\OrCAD_10.5\tools\Layout_Plus\library\SBUS.llb
Tue May 11 10:05:43 Loaded file C:\OrCAD\OrCAD_10.5\tools\Layout_Plus\library\SIMM050F.llb
Tue May 11 10:05:43 Loaded file C:\OrCAD\OrCAD_10.5\tools\Layout_Plus\library\SIMM050T.llb
Tue May 11 10:05:43 Loaded file C:\OrCAD\OrCAD_10.5\tools\Layout_Plus\library\SIMM100F.llb
Tue May 11 10:05:43 Loaded file C:\OrCAD\OrCAD_10.5\tools\Layout_Plus\library\SIMM100T.llb
Tue May 11 10:05:43 Loaded file C:\OrCAD\OrCAD_10.5\tools\Layout_Plus\library\SIP.llb
Tue May 11 10:05:43 Loaded file C:\OrCAD\OrCAD_10.5\tools\Layout_Plus\library\SM.llb
Tue May 11 10:05:43 Loaded file C:\OrCAD\OrCAD_10.5\tools\Layout_Plus\library\SOG.llb
Tue May 11 10:05:43 Loaded file C:\OrCAD\OrCAD_10.5\tools\Layout_Plus\library\SOJ.llb
Tue May 11 10:05:43 Loaded file C:\OrCAD\OrCAD_10.5\tools\Layout_Plus\library\STIFF.llb
Tue May 11 10:05:43 Loaded file C:\OrCAD\OrCAD_10.5\tools\Layout_Plus\library\TELE.llb
Tue May 11 10:05:43 Loaded file C:\OrCAD\OrCAD_10.5\tools\Layout_Plus\library\TM_AXIAL.llb
Tue May 11 10:05:43 Loaded file C:\OrCAD\OrCAD_10.5\tools\Layout_Plus\library\TM_CAP_P.llb
Tue May 11 10:05:43 Loaded file C:\OrCAD\OrCAD_10.5\tools\Layout_Plus\library\TM_CYLND.llb
Tue May 11 10:05:43 Loaded file C:\OrCAD\OrCAD_10.5\tools\Layout_Plus\library\TM_DIODE.llb
Tue May 11 10:05:43 Loaded file C:\OrCAD\OrCAD_10.5\tools\Layout_Plus\library\TM_DISC.llb
Tue May 11 10:05:43 Loaded file C:\OrCAD\OrCAD_10.5\tools\Layout_Plus\library\TM_RAD.llb
Tue May 11 10:05:43 Loaded file C:\OrCAD\OrCAD_10.5\tools\Layout_Plus\library\TO.llb
Tue May 11 10:05:43 Loaded file C:\OrCAD\OrCAD_10.5\tools\Layout_Plus\library\TRAINING.LLB
Tue May 11 10:05:43 Loaded file C:\OrCAD\OrCAD_10.5\tools\Layout_Plus\library\VRES.llb
Tue May 11 10:05:43 Loaded file C:\OrCAD\OrCAD_10.5\tools\Layout_Plus\library\WCON100T.llb
Tue May 11 10:05:43 Loaded file C:\OrCAD\OrCAD_10.5\tools\Layout_Plus\library\XT.llb
Tue May 11 10:05:43 Loaded file C:\OrCAD\OrCAD_10.5\tools\Layout_Plus\library\ZIGZAG.llb
Tue May 11 10:05:43 Loaded file C:\USERS\ADMIN\DESKTOP\CAD\LAYOUT\INET LAYOUT LIBRARIES\CONN_STRIP.LLB
Tue May 11 10:05:43 Loaded file C:\USERS\ADMIN\DESKTOP\CAD\LAYOUT\INET LAYOUT LIBRARIES\CONN_STRIP.LLB
Tue May 11 10:05:43 Loaded file C:\OrCAD\OrCAD_10.5\tools\Layout_Plus\library\TM_AXIAL.llb
Tue May 11 10:05:43 Loaded file C:\USERS\ADMIN\DESKTOP\CAD\LAYOUT\INET LAYOUT LIBRARIES\SHEET06.LLB
Tue May 11 10:05:43 Loaded file C:\USERS\ADMIN\DESKTOP\CAD\LAYOUT\INET LAYOUT LIBRARIES\CONN_STRIP.LLB
Tue May 11 10:05:43 Loaded file C:\USERS\ADMIN\DESKTOP\CAD\LAYOUT\INET LAYOUT LIBRARIES\CONN_STRIP.LLB
Tue May 11 10:05:45 Saved as file C:\USERS\ADMIN\DESKTOP\WEATHERSTATION\WEATHERSTATION-\SCHEMATIC\CAPTURE\WEATHERSTATION-1.MAX
Tue May 11 10:06:43 Saved as file ~undo.max
Tue May 11 10:06:56 Saved as file ~undo.max
Tue May 11 10:07:00 Saved as file ~undo.max
Tue May 11 10:07:09 Saved as file ~undo.max
Tue May 11 10:07:20 Saved as file ~undo.max
Tue May 11 10:07:26 Saved as file ~undo.max
Tue May 11 10:07:32 Saved as file ~undo.max
Tue May 11 10:07:37 Saved as file ~undo.max
Tue May 11 10:07:46 Saved as file ~undo.max
Tue May 11 10:07:51 Saved as file ~undo.max
Tue May 11 10:07:55 Saved as file ~undo.max
Tue May 11 10:07:58 Saved as file ~undo.max
Tue May 11 10:08:04 Saved as file ~undo.max
Tue May 11 10:08:18 Saved as file ~undo.max
Tue May 11 10:08:25 Saved as file ~undo.max
Tue May 11 10:08:29 Saved as file ~undo.max
Tue May 11 10:08:50 Saved as file ~undo.max
Tue May 11 10:08:57 Saved as file ~undo.max
Tue May 11 10:09:09 Saved as file ~undo.max
Tue May 11 10:09:17 Saved as file ~undo.max
Tue May 11 10:09:22 Saved as file ~undo.max
Tue May 11 10:09:25 Saved as file ~undo.max
Tue May 11 10:09:28 Saved as file ~undo.max
Tue May 11 10:09:30 Saved as file ~undo.max
Tue May 11 10:09:34 Saved as file ~undo.max
Tue May 11 10:09:37 Saved as file ~undo.max
Tue May 11 10:09:42 Saved as file ~undo.max
Tue May 11 10:09:43 Saved as file ~undo.max
Tue May 11 10:10:05 Saved as file ~undo.max
Tue May 11 10:10:42 Saved as file ~undo.max
Tue May 11 10:10:55 Saved as file ~undo.max
Tue May 11 10:11:00 Saved as file ~undo.max
Tue May 11 10:12:30 Saved as file ~undo.max
Tue May 11 10:13:00 Saved as file ~undo.max
Tue May 11 10:14:56 Saved as file ~undo.max
Tue May 11 10:15:45 Saved as file ~undo.max
Tue May 11 10:16:17 Saved as file BACKUP1.MAX
Tue May 11 10:17:14 Saved as file ~undo.max
Tue May 11 10:18:33 Saved as file ~undo.max
Tue May 11 10:18:37 Saved as file ~undo.max
Tue May 11 10:19:21 Saved as file ~undo.max
Tue May 11 10:19:34 Saved as file ~undo.max
Tue May 11 10:19:39 Saved as file ~undo.max
Tue May 11 10:19:44 Saved as file ~undo.max
Tue May 11 10:20:11 Saved as file ~undo.max
Tue May 11 10:20:22 Saved as file ~undo.max
Tue May 11 10:20:33 Saved as file ~undo.max
Tue May 11 10:20:41 Saved as file ~undo.max
Tue May 11 10:20:44 Saved as file ~undo.max
Tue May 11 10:20:54 Saved as file ~undo.max
Tue May 11 10:21:12 Saved as file ~undo.max
Tue May 11 10:21:15 Saved as file ~undo.max
Tue May 11 10:21:25 Saved as file ~undo.max
Tue May 11 10:21:37 Saved as file ~undo.max
Tue May 11 10:21:51 Saved as file ~undo.max
Tue May 11 10:22:31 Saved as file ~undo.max
Tue May 11 10:22:38 Saved as file ~undo.max
Tue May 11 10:23:03 Saved as file ~undo.max
Tue May 11 10:23:10 Saved as file ~undo.max
Tue May 11 10:23:26 Saved as file ~undo.max
Tue May 11 10:24:28 Saved as file ~undo.max
Tue May 11 10:24:31 Saved as file ~undo.max
Tue May 11 10:24:33 Saved as file ~undo.max
Tue May 11 10:24:55 Saved as file ~undo.max
Tue May 11 10:25:26 Saved as file ~undo.max
Tue May 11 10:25:55 Saved as file ~undo.max
Tue May 11 10:25:59 Saved as file ~undo.max
Tue May 11 10:26:17 Saved as file ~undo.max
Tue May 11 10:26:17 Saved as file BACKUP1.MAX
Tue May 11 10:26:19 Saved as file ~undo.max
Tue May 11 10:26:37 Saved as file ~undo.max
Tue May 11 10:26:39 Saved as file ~undo.max
Tue May 11 10:26:41 Saved as file ~undo.max
Tue May 11 10:26:43 Saved as file ~undo.max
Tue May 11 10:27:11 Saved as file ~undo.max
Tue May 11 10:28:04 Saved as file ~undo.max
Tue May 11 10:28:06 Saved as file C:\USERS\ADMIN\DESKTOP\WEATHERSTATION\WEATHERSTATION-\SCHEMATIC\CAPTURE\WEATHERSTATION-1.MAX
Tue May 11 10:28:29 Saved as file ~undo.max
Tue May 11 10:28:31 Saved as file ~undo.max
Tue May 11 10:28:44 Saved as file ~undo.max
Tue May 11 10:29:08 Saved as file ~undo.max
Tue May 11 10:29:19 Saved as file ~undo.max
Tue May 11 10:29:23 Saved as file ~undo.max
Tue May 11 10:29:26 Saved as file ~undo.max
Tue May 11 10:29:29 Saved as file ~undo.max
Tue May 11 10:29:32 Saved as file ~undo.max
Tue May 11 10:29:37 Saved as file ~undo.max
Tue May 11 10:29:40 Saved as file ~undo.max
Tue May 11 10:29:48 Saved as file ~undo.max
Tue May 11 10:29:54 Saved as file ~undo.max
Tue May 11 10:29:58 Saved as file ~undo.max
Tue May 11 10:30:07 Saved as file ~undo.max
Tue May 11 10:30:09 Saved as file ~undo.max
Tue May 11 10:30:13 Saved as file ~undo.max
Tue May 11 10:30:17 Saved as file ~undo.max
Tue May 11 10:30:21 Saved as file ~undo.max
Tue May 11 10:30:25 Saved as file ~undo.max
Tue May 11 10:30:29 Saved as file C:\USERS\ADMIN\DESKTOP\WEATHERSTATION\WEATHERSTATION-\SCHEMATIC\CAPTURE\WEATHERSTATION-1.MAX
Tue May 11 10:30:37 Saved as file ~undo.max
Tue May 11 10:30:40 Saved as file C:\USERS\ADMIN\DESKTOP\WEATHERSTATION\WEATHERSTATION-\SCHEMATIC\CAPTURE\WEATHERSTATION-1.MAX
Tue May 11 11:19:02 Saved as file C:\USERS\ADMIN\DESKTOP\WEATHERSTATION\WEATHERSTATION-\SCHEMATIC\CAPTURE\WEATHERSTATION-FIN.MAX
Tue May 11 11:29:45 Saved as file BACKUP1.MAX
Tue May 11 11:40:15 Saved as file BACKUP1.MAX
Tue May 11 11:50:45 Saved as file BACKUP1.MAX
Tue May 11 12:01:15 Saved as file BACKUP1.MAX
